<?xml version="1.0" encoding="UTF-8"?>
<testsuite name="TestSuite" time="16.087" tests="3" errors="0" skipped="0" failures="1">
  <properties>
    <property name="java.runtime.name" value="Java(TM) SE Runtime Environment"/>
    <property name="sun.boot.library.path" value="C:\Program Files\Java\jdk1.8.0_201\jre\bin"/>
    <property name="java.vm.version" value="25.201-b09"/>
    <property name="java.vm.vendor" value="Oracle Corporation"/>
    <property name="maven.multiModuleProjectDirectory" value="C:\My_workspace\demoWebshop"/>
    <property name="java.vendor.url" value="http://java.oracle.com/"/>
    <property name="path.separator" value=";"/>
    <property name="guice.disable.misplaced.annotation.check" value="true"/>
    <property name="java.vm.name" value="Java HotSpot(TM) 64-Bit Server VM"/>
    <property name="file.encoding.pkg" value="sun.io"/>
    <property name="user.script" value=""/>
    <property name="user.country" value="US"/>
    <property name="sun.java.launcher" value="SUN_STANDARD"/>
    <property name="sun.os.patch.level" value=""/>
    <property name="java.vm.specification.name" value="Java Virtual Machine Specification"/>
    <property name="user.dir" value="C:\My_workspace\demoWebshop"/>
    <property name="java.runtime.version" value="1.8.0_201-b09"/>
    <property name="java.awt.graphicsenv" value="sun.awt.Win32GraphicsEnvironment"/>
    <property name="java.endorsed.dirs" value="C:\Program Files\Java\jdk1.8.0_201\jre\lib\endorsed"/>
    <property name="os.arch" value="amd64"/>
    <property name="java.io.tmpdir" value="C:\Users\sawantsh\AppData\Local\Temp\1\"/>
    <property name="line.separator" value="&#10;"/>
    <property name="java.vm.specification.vendor" value="Oracle Corporation"/>
    <property name="user.variant" value=""/>
    <property name="os.name" value="Windows 10"/>
    <property name="classworlds.conf" value="C:\apache-maven-3.6.0\bin\..\bin\m2.conf"/>
    <property name="sun.jnu.encoding" value="Cp1252"/>
    <property name="java.library.path" value="C:\Program Files\Java\jdk1.8.0_201\bin;C:\WINDOWS\Sun\Java\bin;C:\WINDOWS\system32;C:\WINDOWS;C:\Program Files (x86)\Microsoft SDKs\Azure\CLI2\wbin;C:\Program Files (x86)\TRICENTIS\Tosca Testsuite;C:\Tosca_Projects;C:\Program Files (x86)\TRICENTIS\Tosca Testsuite\dll;C:\Program Files (x86)\TRICENTIS\Tosca Testsuite\dll\GuptaEngine;C:\Program Files (x86)\TRICENTIS\Tosca Testsuite\;C:\Program Files (x86)\TRICENTIS\Tosca Testsuite\dll\DelphiEngine;C:\Program Files (x86)\TRICENTIS\Tosca Testsuite\dll\PBEngine;C:\Program Files (x86)\TRICENTIS\Tosca Testsuite\dll\VBEngine;C:\Program Files (x86)\TRICENTIS\Tosca Testsuite\dll\DotNetHooking;;C:\Program Files (x86)\TRICENTIS\Tosca Testsuite\Resources\Mobile\Tools;C:\Program Files\Microsoft MPI\Bin\;C:\WINDOWS\system32;C:\WINDOWS;C:\WINDOWS\System32\Wbem;C:\WINDOWS\System32\WindowsPowerShell\v1.0\;C:\Program Files (x86)\Enterprise Vault\EVClient\;C:\Program Files\Git\cmd;C:\CSCW32\bin;C:\CSCW32\dll;C:\Program Files\dotnet\;C:\Program Files\Microsoft SQL Server\130\Tools\Binn\;C:\apache-maven-3.6.0\bin;C:\Program Files\Java\jdk1.8.0_201\bin;C:\ProFlex4\Base\bin;C:\WINDOWS\System32\OpenSSH\;C:\ProgramData\chocolatey\bin;C:\Users\sawantsh\AppData\Local\Microsoft\WindowsApps;;C:\Users\sawantsh\AppData\Local\Programs\Fiddler;."/>
    <property name="maven.conf" value="C:\apache-maven-3.6.0\bin\../conf"/>
    <property name="java.specification.name" value="Java Platform API Specification"/>
    <property name="java.class.version" value="52.0"/>
    <property name="java.net.preferIPv4Stack" value="true"/>
    <property name="sun.management.compiler" value="HotSpot 64-Bit Tiered Compilers"/>
    <property name="os.version" value="10.0"/>
    <property name="library.jansi.path" value="C:\apache-maven-3.6.0\bin\..\lib\jansi-native"/>
    <property name="user.home" value="C:\Users\sawantsh"/>
    <property name="user.timezone" value="Asia/Calcutta"/>
    <property name="java.awt.printerjob" value="sun.awt.windows.WPrinterJob"/>
    <property name="java.specification.version" value="1.8"/>
    <property name="file.encoding" value="Cp1252"/>
    <property name="user.name" value="sawantsh"/>
    <property name="java.class.path" value="C:\apache-maven-3.6.0\bin\..\boot\plexus-classworlds-2.5.2.jar"/>
    <property name="java.vm.specification.version" value="1.8"/>
    <property name="sun.arch.data.model" value="64"/>
    <property name="java.home" value="C:\Program Files\Java\jdk1.8.0_201\jre"/>
    <property name="sun.java.command" value="org.codehaus.plexus.classworlds.launcher.Launcher test"/>
    <property name="java.specification.vendor" value="Oracle Corporation"/>
    <property name="user.language" value="en"/>
    <property name="awt.toolkit" value="sun.awt.windows.WToolkit"/>
    <property name="java.vm.info" value="mixed mode"/>
    <property name="java.version" value="1.8.0_201"/>
    <property name="java.ext.dirs" value="C:\Program Files\Java\jdk1.8.0_201\jre\lib\ext;C:\WINDOWS\Sun\Java\lib\ext"/>
    <property name="sun.boot.class.path" value="C:\Program Files\Java\jdk1.8.0_201\jre\lib\resources.jar;C:\Program Files\Java\jdk1.8.0_201\jre\lib\rt.jar;C:\Program Files\Java\jdk1.8.0_201\jre\lib\sunrsasign.jar;C:\Program Files\Java\jdk1.8.0_201\jre\lib\jsse.jar;C:\Program Files\Java\jdk1.8.0_201\jre\lib\jce.jar;C:\Program Files\Java\jdk1.8.0_201\jre\lib\charsets.jar;C:\Program Files\Java\jdk1.8.0_201\jre\lib\jfr.jar;C:\Program Files\Java\jdk1.8.0_201\jre\classes"/>
    <property name="sun.stderr.encoding" value="cp437"/>
    <property name="java.vendor" value="Oracle Corporation"/>
    <property name="maven.home" value="C:\apache-maven-3.6.0\bin\.."/>
    <property name="file.separator" value="\"/>
    <property name="java.vendor.url.bug" value="http://bugreport.sun.com/bugreport/"/>
    <property name="sun.cpu.endian" value="little"/>
    <property name="sun.io.unicode.encoding" value="UnicodeLittle"/>
    <property name="sun.stdout.encoding" value="cp437"/>
    <property name="sun.desktop" value="windows"/>
    <property name="sun.cpu.isalist" value="amd64"/>
  </properties>
  <testcase name="naviagetoLogin" classname="com.qa.test.WebShopHomeTest" time="0.712"/>
  <testcase name="loginTest" classname="com.qa.test.WebShopLoginTest" time="3.507"/>
  <testcase name="loginTest" classname="com.qa.test.WebShopLoginTest" time="11.868">
    <failure message="expected:&lt;...rrors and try again.[&#13;]&#10;The credentials pro...&gt; but was:&lt;...rrors and try again.[]&#10;The credentials pro...&gt;" type="junit.framework.ComparisonFailure"><![CDATA[junit.framework.ComparisonFailure: expected:<...rrors and try again.[]
The credentials pro...> but was:<...rrors and try again.[]
The credentials pro...>
	at junit.framework.Assert.assertEquals(Assert.java:85)
	at junit.framework.Assert.assertEquals(Assert.java:91)
	at com.qa.pages.WebShopLogin.logoutWebshop(WebShopLogin.java:54)
	at com.qa.test.WebShopLoginTest.loginTest(WebShopLoginTest.java:41)
]]></failure>
    <system-out>Login was unsuccessful. Please correct the errors and try again.
The credentials provided are incorrect
</system-out>
    <system-err>Starting ChromeDriver 2.36.540470 (e522d04694c7ebea4ba8821272dbef4f9b818c91) on port 36630
Only local connections are allowed.
Jul 10, 2019 4:16:29 PM org.openqa.selenium.remote.ProtocolHandshake createSession
INFO: Detected dialect: OSS
</system-err>
  </testcase>
</testsuite>