<?xml version="1.0" encoding="UTF-8"?>
<!-- Generated by org.testng.reporters.JUnitReportReporter -->
<testsuite hostname="INIDC-sawantsh2" name="com.qa.test.WebShopHomeTest" tests="1" failures="0" timestamp="22 Jun 2019 10:44:39 GMT" time="7.951" errors="0">
  <testcase name="naviagetoLogin" time="7.951" classname="com.qa.test.WebShopHomeTest"/>
</testsuite> <!-- com.qa.test.WebShopHomeTest -->
