<?xml version="1.0" encoding="UTF-8"?>
<!-- Generated by org.testng.reporters.JUnitReportReporter -->
<testsuite hostname="INIDC-sawantsh2" name="com.qa.test.WebShopLoginTest" tests="1" failures="0" timestamp="26 Jun 2019 07:15:25 GMT" time="10.859" errors="0">
  <testcase name="loginTest" time="10.859" classname="com.qa.test.WebShopLoginTest"/>
</testsuite> <!-- com.qa.test.WebShopLoginTest -->
