<?xml version="1.0" encoding="UTF-8"?>
<!-- Generated by org.testng.reporters.JUnitReportReporter -->
<testsuite hostname="INIDC-sawantsh2" name="com.qa.test.WebShopHomeTest" tests="1" failures="0" timestamp="10 Jul 2019 10:33:29 GMT" time="9.124" errors="0">
  <testcase name="naviagetoLogin" time="9.124" classname="com.qa.test.WebShopHomeTest"/>
</testsuite> <!-- com.qa.test.WebShopHomeTest -->
