<?xml version="1.0" encoding="UTF-8"?>
<!-- Generated by org.testng.reporters.JUnitReportReporter -->
<testsuite hostname="INIDC-sawantsh2" name="com.qa.test.WebShopHomeTest" tests="1" failures="0" timestamp="10 Jul 2019 10:46:45 GMT" time="9.316" errors="0">
  <testcase name="naviagetoLogin" time="9.316" classname="com.qa.test.WebShopHomeTest"/>
</testsuite> <!-- com.qa.test.WebShopHomeTest -->
